[0.016s] Invoking command in '/home/purduerm/ros2-ws/auto-aiming/build/pose_estimator': AMENT_PREFIX_PATH=/home/purduerm/ros2-ws/auto-aiming/install/vision_msgs:${AMENT_PREFIX_PATH} CMAKE_PREFIX_PATH=/home/purduerm/ros2-ws/auto-aiming/install/vision_msgs:/opt/ros/foxy LD_LIBRARY_PATH=/home/purduerm/ros2-ws/auto-aiming/install/vision_msgs/lib:${LD_LIBRARY_PATH} PYTHONPATH=/home/purduerm/ros2-ws/auto-aiming/install/vision_msgs/lib/python3.8/site-packages:${PYTHONPATH} /usr/bin/cmake --build /home/purduerm/ros2-ws/auto-aiming/build/pose_estimator -- -j12 -l12
[0.055s] [ 28%] Built target ValidityFilter
[0.056s] [ 28%] Built target gtest
[0.058s] [ 42%] Built target gtest_main
[0.073s] [ 57%] Built target PoseEstimator
[0.074s] [ 71%] Built target test_ValidityFilter
[0.101s] [ 92%] [32mBuilding CXX object CMakeFiles/PoseEstimatorNode.dir/src/PoseEstimatorNode.cpp.o[0m
[0.101s] [ 92%] Built target test_PoseEstimator
[2.314s] [01m[K/home/purduerm/ros2-ws/auto-aiming/src/prm_vision/pose_estimator/src/PoseEstimatorNode.cpp:[m[K In member function â€˜[01m[Kvoid PoseEstimatorNode::keyPointsCallback(vision_msgs::msg::KeyPoints_<std::allocator<void> >::SharedPtr)[m[Kâ€™:
[2.314s] [01m[K/home/purduerm/ros2-ws/auto-aiming/src/prm_vision/pose_estimator/src/PoseEstimatorNode.cpp:175:5:[m[K [01;31m[Kerror: [m[Kno matching function for call to â€˜[01m[KEigen::Matrix<double, 4, 4>::Matrix(<brace-enclosed initializer list>)[m[Kâ€™
[2.314s]   175 |     [01;31m[K}[m[K;
[2.314s]       |     [01;31m[K^[m[K
[2.314s] In file included from [01m[K/usr/include/eigen3/Eigen/Core:458[m[K,
[2.314s]                  from [01m[K/home/purduerm/ros2-ws/auto-aiming/src/prm_vision/pose_estimator/include/PoseEstimator.h:8[m[K,
[2.314s]                  from [01m[K/home/purduerm/ros2-ws/auto-aiming/src/prm_vision/pose_estimator/include/PoseEstimatorNode.hpp:19[m[K,
[2.314s]                  from [01m[K/home/purduerm/ros2-ws/auto-aiming/src/prm_vision/pose_estimator/src/PoseEstimatorNode.cpp:1[m[K:
[2.315s] [01m[K/usr/include/eigen3/Eigen/src/Core/Matrix.h:387:14:[m[K [01;36m[Knote: [m[Kcandidate: â€˜[01m[Ktemplate<class OtherDerived> Eigen::Matrix<_Scalar, _Rows, _Cols, _Options, _MaxRows, _MaxCols>::Matrix(const Eigen::RotationBase<OtherDerived, Eigen::Matrix<_Scalar, _Rows, _Cols, _Options, _MaxRows, _MaxCols>::ColsAtCompileTime>&)[m[Kâ€™
[2.315s]   387 |     explicit [01;36m[KMatrix[m[K(const RotationBase<OtherDerived,ColsAtCompileTime>& r);
[2.315s]       |              [01;36m[K^~~~~~[m[K
[2.315s] [01m[K/usr/include/eigen3/Eigen/src/Core/Matrix.h:387:14:[m[K [01;36m[Knote: [m[K  template argument deduction/substitution failed:
[2.315s] [01m[K/home/purduerm/ros2-ws/auto-aiming/src/prm_vision/pose_estimator/src/PoseEstimatorNode.cpp:175:5:[m[K [01;36m[Knote: [m[K  candidate expects 1 argument, 4 provided
[2.315s]   175 |     [01;36m[K}[m[K;
[2.315s]       |     [01;36m[K^[m[K
[2.315s] In file included from [01m[K/usr/include/eigen3/Eigen/Core:458[m[K,
[2.315s]                  from [01m[K/home/purduerm/ros2-ws/auto-aiming/src/prm_vision/pose_estimator/include/PoseEstimator.h:8[m[K,
[2.315s]                  from [01m[K/home/purduerm/ros2-ws/auto-aiming/src/prm_vision/pose_estimator/include/PoseEstimatorNode.hpp:19[m[K,
[2.315s]                  from [01m[K/home/purduerm/ros2-ws/auto-aiming/src/prm_vision/pose_estimator/src/PoseEstimatorNode.cpp:1[m[K:
[2.315s] [01m[K/usr/include/eigen3/Eigen/src/Core/Matrix.h:376:25:[m[K [01;36m[Knote: [m[Kcandidate: â€˜[01m[Ktemplate<class OtherDerived> Eigen::Matrix<_Scalar, _Rows, _Cols, _Options, _MaxRows, _MaxCols>::Matrix(const Eigen::EigenBase<OtherDerived>&)[m[Kâ€™
[2.315s]   376 |     EIGEN_STRONG_INLINE [01;36m[KMatrix[m[K(const EigenBase<OtherDerived> &other)
[2.315s]       |                         [01;36m[K^~~~~~[m[K
[2.316s] [01m[K/usr/include/eigen3/Eigen/src/Core/Matrix.h:376:25:[m[K [01;36m[Knote: [m[K  template argument deduction/substitution failed:
[2.316s] [01m[K/home/purduerm/ros2-ws/auto-aiming/src/prm_vision/pose_estimator/src/PoseEstimatorNode.cpp:175:5:[m[K [01;36m[Knote: [m[K  candidate expects 1 argument, 4 provided
[2.316s]   175 |     [01;36m[K}[m[K;
[2.316s]       |     [01;36m[K^[m[K
[2.316s] In file included from [01m[K/usr/include/eigen3/Eigen/Core:458[m[K,
[2.316s]                  from [01m[K/home/purduerm/ros2-ws/auto-aiming/src/prm_vision/pose_estimator/include/PoseEstimator.h:8[m[K,
[2.316s]                  from [01m[K/home/purduerm/ros2-ws/auto-aiming/src/prm_vision/pose_estimator/include/PoseEstimatorNode.hpp:19[m[K,
[2.316s]                  from [01m[K/home/purduerm/ros2-ws/auto-aiming/src/prm_vision/pose_estimator/src/PoseEstimatorNode.cpp:1[m[K:
[2.316s] [01m[K/usr/include/eigen3/Eigen/src/Core/Matrix.h:368:25:[m[K [01;36m[Knote: [m[Kcandidate: â€˜[01m[KEigen::Matrix<_Scalar, _Rows, _Cols, _Options, _MaxRows, _MaxCols>::Matrix(const Eigen::Matrix<_Scalar, _Rows, _Cols, _Options, _MaxRows, _MaxCols>&) [with _Scalar = double; int _Rows = 4; int _Cols = 4; int _Options = 0; int _MaxRows = 4; int _MaxCols = 4][m[Kâ€™
[2.316s]   368 |     EIGEN_STRONG_INLINE [01;36m[KMatrix[m[K(const Matrix& other) : Base(other)
[2.316s]       |                         [01;36m[K^~~~~~[m[K
[2.316s] [01m[K/usr/include/eigen3/Eigen/src/Core/Matrix.h:368:25:[m[K [01;36m[Knote: [m[K  candidate expects 1 argument, 4 provided
[2.316s] [01m[K/usr/include/eigen3/Eigen/src/Core/Matrix.h:355:25:[m[K [01;36m[Knote: [m[Kcandidate: â€˜[01m[KEigen::Matrix<_Scalar, _Rows, _Cols, _Options, _MaxRows, _MaxCols>::Matrix(const Scalar&, const Scalar&, const Scalar&, const Scalar&) [with _Scalar = double; int _Rows = 4; int _Cols = 4; int _Options = 0; int _MaxRows = 4; int _MaxCols = 4; Eigen::Matrix<_Scalar, _Rows, _Cols, _Options, _MaxRows, _MaxCols>::Scalar = double][m[Kâ€™
[2.317s]   355 |     EIGEN_STRONG_INLINE [01;36m[KMatrix[m[K(const Scalar& x, const Scalar& y, const Scalar& z, const Scalar& w)
[2.317s]       |                         [01;36m[K^~~~~~[m[K
[2.317s] [01m[K/usr/include/eigen3/Eigen/src/Core/Matrix.h:355:46:[m[K [01;36m[Knote: [m[K  no known conversion for argument 1 from â€˜[01m[K<brace-enclosed initializer list>[m[Kâ€™ to â€˜[01m[Kconst Scalar&[m[Kâ€™ {aka â€˜[01m[Kconst double&[m[Kâ€™}
[2.317s]   355 |     EIGEN_STRONG_INLINE Matrix([01;36m[Kconst Scalar& x[m[K, const Scalar& y, const Scalar& z, const Scalar& w)
[2.317s]       |                                [01;36m[K~~~~~~~~~~~~~~^[m[K
[2.317s] [01m[K/usr/include/eigen3/Eigen/src/Core/Matrix.h:345:25:[m[K [01;36m[Knote: [m[Kcandidate: â€˜[01m[KEigen::Matrix<_Scalar, _Rows, _Cols, _Options, _MaxRows, _MaxCols>::Matrix(const Scalar&, const Scalar&, const Scalar&) [with _Scalar = double; int _Rows = 4; int _Cols = 4; int _Options = 0; int _MaxRows = 4; int _MaxCols = 4; Eigen::Matrix<_Scalar, _Rows, _Cols, _Options, _MaxRows, _MaxCols>::Scalar = double][m[Kâ€™
[2.317s]   345 |     EIGEN_STRONG_INLINE [01;36m[KMatrix[m[K(const Scalar& x, const Scalar& y, const Scalar& z)
[2.317s]       |                         [01;36m[K^~~~~~[m[K
[2.317s] [01m[K/usr/include/eigen3/Eigen/src/Core/Matrix.h:345:25:[m[K [01;36m[Knote: [m[K  candidate expects 3 arguments, 4 provided
[2.317s] [01m[K/usr/include/eigen3/Eigen/src/Core/Matrix.h:299:25:[m[K [01;36m[Knote: [m[Kcandidate: â€˜[01m[Ktemplate<class T0, class T1> Eigen::Matrix<_Scalar, _Rows, _Cols, _Options, _MaxRows, _MaxCols>::Matrix(const T0&, const T1&)[m[Kâ€™
[2.317s]   299 |     EIGEN_STRONG_INLINE [01;36m[KMatrix[m[K(const T0& x, const T1& y)
[2.317s]       |                         [01;36m[K^~~~~~[m[K
[2.317s] [01m[K/usr/include/eigen3/Eigen/src/Core/Matrix.h:299:25:[m[K [01;36m[Knote: [m[K  template argument deduction/substitution failed:
[2.318s] [01m[K/home/purduerm/ros2-ws/auto-aiming/src/prm_vision/pose_estimator/src/PoseEstimatorNode.cpp:175:5:[m[K [01;36m[Knote: [m[K  candidate expects 2 arguments, 4 provided
[2.318s]   175 |     [01;36m[K}[m[K;
[2.318s]       |     [01;36m[K^[m[K
[2.318s] In file included from [01m[K/usr/include/eigen3/Eigen/Core:458[m[K,
[2.318s]                  from [01m[K/home/purduerm/ros2-ws/auto-aiming/src/prm_vision/pose_estimator/include/PoseEstimator.h:8[m[K,
[2.318s]                  from [01m[K/home/purduerm/ros2-ws/auto-aiming/src/prm_vision/pose_estimator/include/PoseEstimatorNode.hpp:19[m[K,
[2.318s]                  from [01m[K/home/purduerm/ros2-ws/auto-aiming/src/prm_vision/pose_estimator/src/PoseEstimatorNode.cpp:1[m[K:
[2.318s] [01m[K/usr/include/eigen3/Eigen/src/Core/Matrix.h:291:34:[m[K [01;36m[Knote: [m[Kcandidate: â€˜[01m[Ktemplate<class T> Eigen::Matrix<_Scalar, _Rows, _Cols, _Options, _MaxRows, _MaxCols>::Matrix(const T&)[m[Kâ€™
[2.318s]   291 |     EIGEN_STRONG_INLINE explicit [01;36m[KMatrix[m[K(const T& x)
[2.318s]       |                                  [01;36m[K^~~~~~[m[K
[2.318s] [01m[K/usr/include/eigen3/Eigen/src/Core/Matrix.h:291:34:[m[K [01;36m[Knote: [m[K  template argument deduction/substitution failed:
[2.318s] [01m[K/home/purduerm/ros2-ws/auto-aiming/src/prm_vision/pose_estimator/src/PoseEstimatorNode.cpp:175:5:[m[K [01;36m[Knote: [m[K  candidate expects 1 argument, 4 provided
[2.318s]   175 |     [01;36m[K}[m[K;
[2.318s]       |     [01;36m[K^[m[K
[2.319s] In file included from [01m[K/usr/include/eigen3/Eigen/Core:458[m[K,
[2.319s]                  from [01m[K/home/purduerm/ros2-ws/auto-aiming/src/prm_vision/pose_estimator/include/PoseEstimator.h:8[m[K,
[2.319s]                  from [01m[K/home/purduerm/ros2-ws/auto-aiming/src/prm_vision/pose_estimator/include/PoseEstimatorNode.hpp:19[m[K,
[2.319s]                  from [01m[K/home/purduerm/ros2-ws/auto-aiming/src/prm_vision/pose_estimator/src/PoseEstimatorNode.cpp:1[m[K:
[2.319s] [01m[K/usr/include/eigen3/Eigen/src/Core/Matrix.h:273:5:[m[K [01;36m[Knote: [m[Kcandidate: â€˜[01m[KEigen::Matrix<_Scalar, _Rows, _Cols, _Options, _MaxRows, _MaxCols>::Matrix(Eigen::Matrix<_Scalar, _Rows, _Cols, _Options, _MaxRows, _MaxCols>&&) [with _Scalar = double; int _Rows = 4; int _Cols = 4; int _Options = 0; int _MaxRows = 4; int _MaxCols = 4][m[Kâ€™
[2.319s]   273 |     [01;36m[KMatrix[m[K(Matrix&& other) EIGEN_NOEXCEPT_IF(std::is_nothrow_move_constructible<Scalar>::value)
[2.319s]       |     [01;36m[K^~~~~~[m[K
[2.319s] [01m[K/usr/include/eigen3/Eigen/src/Core/Matrix.h:273:5:[m[K [01;36m[Knote: [m[K  candidate expects 1 argument, 4 provided
[2.319s] [01m[K/usr/include/eigen3/Eigen/src/Core/Matrix.h:267:14:[m[K [01;36m[Knote: [m[Kcandidate: â€˜[01m[KEigen::Matrix<_Scalar, _Rows, _Cols, _Options, _MaxRows, _MaxCols>::Matrix(Eigen::internal::constructor_without_unaligned_array_assert) [with _Scalar = double; int _Rows = 4; int _Cols = 4; int _Options = 0; int _MaxRows = 4; int _MaxCols = 4][m[Kâ€™
[2.319s]   267 |     explicit [01;36m[KMatrix[m[K(internal::constructor_without_unaligned_array_assert)
[2.319s]       |              [01;36m[K^~~~~~[m[K
[2.319s] [01m[K/usr/include/eigen3/Eigen/src/Core/Matrix.h:267:14:[m[K [01;36m[Knote: [m[K  candidate expects 1 argument, 4 provided
[2.319s] [01m[K/usr/include/eigen3/Eigen/src/Core/Matrix.h:259:25:[m[K [01;36m[Knote: [m[Kcandidate: â€˜[01m[KEigen::Matrix<_Scalar, _Rows, _Cols, _Options, _MaxRows, _MaxCols>::Matrix() [with _Scalar = double; int _Rows = 4; int _Cols = 4; int _Options = 0; int _MaxRows = 4; int _MaxCols = 4][m[Kâ€™
[2.320s]   259 |     EIGEN_STRONG_INLINE [01;36m[KMatrix[m[K() : Base()
[2.320s]       |                         [01;36m[K^~~~~~[m[K
[2.320s] [01m[K/usr/include/eigen3/Eigen/src/Core/Matrix.h:259:25:[m[K [01;36m[Knote: [m[K  candidate expects 0 arguments, 4 provided
[4.076s] make[2]: *** [CMakeFiles/PoseEstimatorNode.dir/build.make:63: CMakeFiles/PoseEstimatorNode.dir/src/PoseEstimatorNode.cpp.o] Error 1
[4.077s] make[1]: *** [CMakeFiles/Makefile2:189: CMakeFiles/PoseEstimatorNode.dir/all] Error 2
[4.077s] make: *** [Makefile:141: all] Error 2
[4.078s] Invoked command in '/home/purduerm/ros2-ws/auto-aiming/build/pose_estimator' returned '2': AMENT_PREFIX_PATH=/home/purduerm/ros2-ws/auto-aiming/install/vision_msgs:${AMENT_PREFIX_PATH} CMAKE_PREFIX_PATH=/home/purduerm/ros2-ws/auto-aiming/install/vision_msgs:/opt/ros/foxy LD_LIBRARY_PATH=/home/purduerm/ros2-ws/auto-aiming/install/vision_msgs/lib:${LD_LIBRARY_PATH} PYTHONPATH=/home/purduerm/ros2-ws/auto-aiming/install/vision_msgs/lib/python3.8/site-packages:${PYTHONPATH} /usr/bin/cmake --build /home/purduerm/ros2-ws/auto-aiming/build/pose_estimator -- -j12 -l12
