-- The CXX compiler identification is GNU 9.4.0
-- Check for working CXX compiler: /usr/bin/c++
-- Check for working CXX compiler: /usr/bin/c++ -- works
-- Detecting CXX compiler ABI info
-- Detecting CXX compiler ABI info - done
-- Detecting CXX compile features
-- Detecting CXX compile features - done
-- Found ament_cmake: 0.9.12 (/opt/ros/foxy/share/ament_cmake/cmake)
-- Found PythonInterp: /usr/bin/python3.8 (found suitable version "3.8.10", minimum required is "3") 
-- Using PYTHON_EXECUTABLE: /usr/bin/python3.8
-- Override CMake install command with custom implementation using symlinks instead of copying resources
-- Found sensor_msgs: 2.0.5 (/opt/ros/foxy/share/sensor_msgs/cmake)
-- Using all available rosidl_typesupport_c: rosidl_typesupport_fastrtps_c;rosidl_typesupport_introspection_c
-- Found rosidl_adapter: 1.3.1 (/opt/ros/foxy/share/rosidl_adapter/cmake)
-- Found OpenSSL: /usr/lib/aarch64-linux-gnu/libcrypto.so (found version "1.1.1f")  
-- Found FastRTPS: /opt/ros/foxy/include  
-- Using all available rosidl_typesupport_cpp: rosidl_typesupport_fastrtps_cpp;rosidl_typesupport_introspection_cpp
-- Found image_transport: 2.4.0 (/opt/ros/foxy/share/image_transport/cmake)
-- Found rmw_implementation_cmake: 1.0.4 (/opt/ros/foxy/share/rmw_implementation_cmake/cmake)
-- Using RMW implementation 'rmw_fastrtps_cpp' as default
-- Looking for C++ include pthread.h
-- Looking for C++ include pthread.h - found
-- Performing Test CMAKE_HAVE_LIBC_PTHREAD
-- Performing Test CMAKE_HAVE_LIBC_PTHREAD - Failed
-- Looking for pthread_create in pthreads
-- Looking for pthread_create in pthreads - not found
-- Looking for pthread_create in pthread
-- Looking for pthread_create in pthread - found
-- Found Threads: TRUE  
-- Found CUDA: /usr/local/cuda (found suitable exact version "11.4") 
-- Found OpenCV: /usr/local (found suitable version "4.6.0", minimum required is "4.6.0") 
-- Found cv_bridge: 3.0.7 (/opt/ros/foxy/share/cv_bridge/cmake)
-- Found vision_msgs: 0.0.0 (/home/user-accounts/lee4649/auto-aiming/install/vision_msgs/share/vision_msgs/cmake)
-- Found ament_cmake_gtest: 0.9.12 (/opt/ros/foxy/share/ament_cmake_gtest/cmake)
-- Found gtest sources under '/opt/ros/foxy/src/gtest_vendor': C++ tests using 'Google Test' will be built
-- The C compiler identification is GNU 9.4.0
-- Check for working C compiler: /usr/bin/cc
-- Check for working C compiler: /usr/bin/cc -- works
-- Detecting C compiler ABI info
-- Detecting C compiler ABI info - done
-- Detecting C compile features
-- Detecting C compile features - done
-- Check if compiler accepts -pthread
-- Check if compiler accepts -pthread - yes
-- Configuring done
-- Generating done
-- Build files have been written to: /home/user-accounts/lee4649/auto-aiming/build/opencv_armor_detector
[35m[1mScanning dependencies of target gtest_main[0m
[35m[1mScanning dependencies of target gtest[0m
[35m[1mScanning dependencies of target OpenCVArmorDetector[0m
[ 10%] [32mBuilding CXX object gtest/CMakeFiles/gtest_main.dir/src/gtest_main.cc.o[0m
[ 20%] [32mBuilding CXX object gtest/CMakeFiles/gtest.dir/src/gtest-all.cc.o[0m
[ 30%] [32mBuilding CXX object CMakeFiles/OpenCVArmorDetector.dir/src/OpenCVArmorDetector.cpp.o[0m
[ 40%] [32m[1mLinking CXX static library libgtest_main.a[0m
[ 40%] Built target gtest_main
[01m[K/home/user-accounts/lee4649/auto-aiming/src/prm_vision/opencv_armor_detector/src/OpenCVArmorDetector.cpp:[m[K In member function â€˜[01m[Kstd::vector<std::vector<float> > OpenCVArmorDetector::search(cv::Mat&)[m[Kâ€™:
[01m[K/home/user-accounts/lee4649/auto-aiming/src/prm_vision/opencv_armor_detector/src/OpenCVArmorDetector.cpp:58:5:[m[K [01;31m[Kerror: [m[Kâ€˜[01m[Kvision_msgs[m[Kâ€™ has not been declared
   58 |     [01;31m[Kvision_msgs[m[K::msg::KeyPointGroups keypoint_group_msg;
      |     [01;31m[K^~~~~~~~~~~[m[K
[01m[K/home/user-accounts/lee4649/auto-aiming/src/prm_vision/opencv_armor_detector/src/OpenCVArmorDetector.cpp:74:26:[m[K [01;31m[Kerror: [m[Kâ€˜[01m[KPoint2f[m[Kâ€™ was not declared in this scope; did you mean â€˜[01m[Kcv::Point2f[m[Kâ€™?
   74 |         for (std::vector<[01;31m[KPoint2f[m[K> points : armors) {
      |                          [01;31m[K^~~~~~~[m[K
      |                          [32m[Kcv::Point2f[m[K
In file included from [01m[K/usr/local/include/opencv4/opencv2/core.hpp:57[m[K,
                 from [01m[K/usr/local/include/opencv4/opencv2/opencv.hpp:52[m[K,
                 from [01m[K/home/user-accounts/lee4649/auto-aiming/src/prm_vision/opencv_armor_detector/include/OpenCVArmorDetector.h:5[m[K,
                 from [01m[K/home/user-accounts/lee4649/auto-aiming/src/prm_vision/opencv_armor_detector/src/OpenCVArmorDetector.cpp:1[m[K:
[01m[K/usr/local/include/opencv4/opencv2/core/types.hpp:202:23:[m[K [01;36m[Knote: [m[Kâ€˜[01m[Kcv::Point2f[m[Kâ€™ declared here
  202 | typedef Point_<float> [01;36m[KPoint2f[m[K;
      |                       [01;36m[K^~~~~~~[m[K
[01m[K/home/user-accounts/lee4649/auto-aiming/src/prm_vision/opencv_armor_detector/src/OpenCVArmorDetector.cpp:74:33:[m[K [01;31m[Kerror: [m[Ktemplate argument 1 is invalid
   74 |         for (std::vector<Point2f[01;31m[K>[m[K points : armors) {
      |                                 [01;31m[K^[m[K
[01m[K/home/user-accounts/lee4649/auto-aiming/src/prm_vision/opencv_armor_detector/src/OpenCVArmorDetector.cpp:74:33:[m[K [01;31m[Kerror: [m[Ktemplate argument 2 is invalid
[01m[K/home/user-accounts/lee4649/auto-aiming/src/prm_vision/opencv_armor_detector/src/OpenCVArmorDetector.cpp:74:44:[m[K [01;31m[Kerror: [m[Kcannot convert â€˜[01m[Kstd::vector<cv::Point_<float> >[m[Kâ€™ to â€˜[01m[Kint[m[Kâ€™ in initialization
   74 |         for (std::vector<Point2f> points : [01;31m[Karmors[m[K) {
      |                                            [01;31m[K^~~~~~[m[K
[01m[K/home/user-accounts/lee4649/auto-aiming/src/prm_vision/opencv_armor_detector/src/OpenCVArmorDetector.cpp:83:52:[m[K [01;31m[Kerror: [m[Krequest for member â€˜[01m[Kat[m[Kâ€™ in â€˜[01m[Kpoints[m[Kâ€™, which is of non-class type â€˜[01m[Kint[m[Kâ€™
   83 |                 detected_keypoints[i * 2] = points.[01;31m[Kat[m[K(i).x + _search_area[0];
      |                                                    [01;31m[K^~[m[K
[01m[K/home/user-accounts/lee4649/auto-aiming/src/prm_vision/opencv_armor_detector/src/OpenCVArmorDetector.cpp:84:56:[m[K [01;31m[Kerror: [m[Krequest for member â€˜[01m[Kat[m[Kâ€™ in â€˜[01m[Kpoints[m[Kâ€™, which is of non-class type â€˜[01m[Kint[m[Kâ€™
   84 |                 detected_keypoints[i * 2 + 1] = points.[01;31m[Kat[m[K(i).y + _search_area[1];
      |                                                        [01;31m[K^~[m[K
make[2]: *** [CMakeFiles/OpenCVArmorDetector.dir/build.make:63: CMakeFiles/OpenCVArmorDetector.dir/src/OpenCVArmorDetector.cpp.o] Error 1
make[1]: *** [CMakeFiles/Makefile2:132: CMakeFiles/OpenCVArmorDetector.dir/all] Error 2
make[1]: *** Waiting for unfinished jobs....
[ 50%] [32m[1mLinking CXX static library libgtest.a[0m
[ 50%] Built target gtest
make: *** [Makefile:141: all] Error 2
