[0.030s] Invoking command in '/home/user-accounts/lee4649/auto-aiming/build/opencv_armor_detector': AMENT_PREFIX_PATH=/home/user-accounts/lee4649/auto-aiming/install/vision_msgs:${AMENT_PREFIX_PATH} CMAKE_PREFIX_PATH=/home/user-accounts/lee4649/auto-aiming/install/vision_msgs:/opt/ros/foxy LD_LIBRARY_PATH=/home/user-accounts/lee4649/auto-aiming/install/vision_msgs/lib:${LD_LIBRARY_PATH} PYTHONPATH=/home/user-accounts/lee4649/auto-aiming/install/vision_msgs/lib/python3.8/site-packages:${PYTHONPATH} /usr/bin/cmake /home/user-accounts/lee4649/auto-aiming/src/prm_vision/opencv_armor_detector -DCMAKE_BUILD_TYPE=Release -DCMAKE_CXX_FLAGS_RELEASE=-O3 -DPYTHON_EXECUTABLE=/usr/bin/python3.8 -DAMENT_CMAKE_SYMLINK_INSTALL=1 -DCMAKE_INSTALL_PREFIX=/home/user-accounts/lee4649/auto-aiming/install/opencv_armor_detector
[0.138s] -- The CXX compiler identification is GNU 9.4.0
[0.146s] -- Check for working CXX compiler: /usr/bin/c++
[0.278s] -- Check for working CXX compiler: /usr/bin/c++ -- works
[0.279s] -- Detecting CXX compiler ABI info
[0.416s] -- Detecting CXX compiler ABI info - done
[0.429s] -- Detecting CXX compile features
[0.429s] -- Detecting CXX compile features - done
[0.434s] -- Found ament_cmake: 0.9.12 (/opt/ros/foxy/share/ament_cmake/cmake)
[0.476s] -- Found PythonInterp: /usr/bin/python3.8 (found suitable version "3.8.10", minimum required is "3") 
[0.476s] -- Using PYTHON_EXECUTABLE: /usr/bin/python3.8
[0.815s] -- Override CMake install command with custom implementation using symlinks instead of copying resources
[0.855s] -- Found sensor_msgs: 2.0.5 (/opt/ros/foxy/share/sensor_msgs/cmake)
[0.898s] -- Using all available rosidl_typesupport_c: rosidl_typesupport_fastrtps_c;rosidl_typesupport_introspection_c
[0.908s] -- Found rosidl_adapter: 1.3.1 (/opt/ros/foxy/share/rosidl_adapter/cmake)
[1.058s] -- Found OpenSSL: /usr/lib/aarch64-linux-gnu/libcrypto.so (found version "1.1.1f")  
[1.107s] -- Found FastRTPS: /opt/ros/foxy/include  
[1.231s] -- Using all available rosidl_typesupport_cpp: rosidl_typesupport_fastrtps_cpp;rosidl_typesupport_introspection_cpp
[1.469s] -- Found image_transport: 2.4.0 (/opt/ros/foxy/share/image_transport/cmake)
[1.544s] -- Found rmw_implementation_cmake: 1.0.4 (/opt/ros/foxy/share/rmw_implementation_cmake/cmake)
[1.546s] -- Using RMW implementation 'rmw_fastrtps_cpp' as default
[1.547s] -- Looking for C++ include pthread.h
[1.688s] -- Looking for C++ include pthread.h - found
[1.688s] -- Performing Test CMAKE_HAVE_LIBC_PTHREAD
[1.833s] -- Performing Test CMAKE_HAVE_LIBC_PTHREAD - Failed
[1.834s] -- Looking for pthread_create in pthreads
[1.958s] -- Looking for pthread_create in pthreads - not found
[1.964s] -- Looking for pthread_create in pthread
[2.089s] -- Looking for pthread_create in pthread - found
[2.092s] -- Found Threads: TRUE  
[2.406s] -- Found CUDA: /usr/local/cuda (found suitable exact version "11.4") 
[2.431s] -- Found OpenCV: /usr/local (found suitable version "4.6.0", minimum required is "4.6.0") 
[2.434s] -- Found cv_bridge: 3.0.7 (/opt/ros/foxy/share/cv_bridge/cmake)
[2.458s] -- Found vision_msgs: 0.0.0 (/home/user-accounts/lee4649/auto-aiming/install/vision_msgs/share/vision_msgs/cmake)
[2.577s] -- Found ament_cmake_gtest: 0.9.12 (/opt/ros/foxy/share/ament_cmake_gtest/cmake)
[2.626s] -- Found gtest sources under '/opt/ros/foxy/src/gtest_vendor': C++ tests using 'Google Test' will be built
[2.697s] -- The C compiler identification is GNU 9.4.0
[2.702s] -- Check for working C compiler: /usr/bin/cc
[2.812s] -- Check for working C compiler: /usr/bin/cc -- works
[2.814s] -- Detecting C compiler ABI info
[2.930s] -- Detecting C compiler ABI info - done
[2.944s] -- Detecting C compile features
[2.945s] -- Detecting C compile features - done
[2.948s] -- Check if compiler accepts -pthread
[3.084s] -- Check if compiler accepts -pthread - yes
[3.204s] -- Configuring done
[3.267s] -- Generating done
[3.271s] -- Build files have been written to: /home/user-accounts/lee4649/auto-aiming/build/opencv_armor_detector
[3.295s] Invoked command in '/home/user-accounts/lee4649/auto-aiming/build/opencv_armor_detector' returned '0': AMENT_PREFIX_PATH=/home/user-accounts/lee4649/auto-aiming/install/vision_msgs:${AMENT_PREFIX_PATH} CMAKE_PREFIX_PATH=/home/user-accounts/lee4649/auto-aiming/install/vision_msgs:/opt/ros/foxy LD_LIBRARY_PATH=/home/user-accounts/lee4649/auto-aiming/install/vision_msgs/lib:${LD_LIBRARY_PATH} PYTHONPATH=/home/user-accounts/lee4649/auto-aiming/install/vision_msgs/lib/python3.8/site-packages:${PYTHONPATH} /usr/bin/cmake /home/user-accounts/lee4649/auto-aiming/src/prm_vision/opencv_armor_detector -DCMAKE_BUILD_TYPE=Release -DCMAKE_CXX_FLAGS_RELEASE=-O3 -DPYTHON_EXECUTABLE=/usr/bin/python3.8 -DAMENT_CMAKE_SYMLINK_INSTALL=1 -DCMAKE_INSTALL_PREFIX=/home/user-accounts/lee4649/auto-aiming/install/opencv_armor_detector
[3.302s] Invoking command in '/home/user-accounts/lee4649/auto-aiming/build/opencv_armor_detector': AMENT_PREFIX_PATH=/home/user-accounts/lee4649/auto-aiming/install/vision_msgs:${AMENT_PREFIX_PATH} CMAKE_PREFIX_PATH=/home/user-accounts/lee4649/auto-aiming/install/vision_msgs:/opt/ros/foxy LD_LIBRARY_PATH=/home/user-accounts/lee4649/auto-aiming/install/vision_msgs/lib:${LD_LIBRARY_PATH} PYTHONPATH=/home/user-accounts/lee4649/auto-aiming/install/vision_msgs/lib/python3.8/site-packages:${PYTHONPATH} /usr/bin/cmake --build /home/user-accounts/lee4649/auto-aiming/build/opencv_armor_detector -- -j8 -l8
[3.368s] [35m[1mScanning dependencies of target gtest_main[0m
[3.368s] [35m[1mScanning dependencies of target gtest[0m
[3.369s] [35m[1mScanning dependencies of target OpenCVArmorDetector[0m
[3.390s] [ 10%] [32mBuilding CXX object gtest/CMakeFiles/gtest_main.dir/src/gtest_main.cc.o[0m
[3.394s] [ 20%] [32mBuilding CXX object gtest/CMakeFiles/gtest.dir/src/gtest-all.cc.o[0m
[3.407s] [ 30%] [32mBuilding CXX object CMakeFiles/OpenCVArmorDetector.dir/src/OpenCVArmorDetector.cpp.o[0m
[5.355s] [ 40%] [32m[1mLinking CXX static library libgtest_main.a[0m
[5.415s] [ 40%] Built target gtest_main
[6.546s] [01m[K/home/user-accounts/lee4649/auto-aiming/src/prm_vision/opencv_armor_detector/src/OpenCVArmorDetector.cpp:[m[K In member function â€˜[01m[Kstd::vector<std::vector<float> > OpenCVArmorDetector::search(cv::Mat&)[m[Kâ€™:
[6.546s] [01m[K/home/user-accounts/lee4649/auto-aiming/src/prm_vision/opencv_armor_detector/src/OpenCVArmorDetector.cpp:58:5:[m[K [01;31m[Kerror: [m[Kâ€˜[01m[Kvision_msgs[m[Kâ€™ has not been declared
[6.546s]    58 |     [01;31m[Kvision_msgs[m[K::msg::KeyPointGroups keypoint_group_msg;
[6.546s]       |     [01;31m[K^~~~~~~~~~~[m[K
[6.548s] [01m[K/home/user-accounts/lee4649/auto-aiming/src/prm_vision/opencv_armor_detector/src/OpenCVArmorDetector.cpp:74:26:[m[K [01;31m[Kerror: [m[Kâ€˜[01m[KPoint2f[m[Kâ€™ was not declared in this scope; did you mean â€˜[01m[Kcv::Point2f[m[Kâ€™?
[6.548s]    74 |         for (std::vector<[01;31m[KPoint2f[m[K> points : armors) {
[6.548s]       |                          [01;31m[K^~~~~~~[m[K
[6.548s]       |                          [32m[Kcv::Point2f[m[K
[6.548s] In file included from [01m[K/usr/local/include/opencv4/opencv2/core.hpp:57[m[K,
[6.548s]                  from [01m[K/usr/local/include/opencv4/opencv2/opencv.hpp:52[m[K,
[6.549s]                  from [01m[K/home/user-accounts/lee4649/auto-aiming/src/prm_vision/opencv_armor_detector/include/OpenCVArmorDetector.h:5[m[K,
[6.549s]                  from [01m[K/home/user-accounts/lee4649/auto-aiming/src/prm_vision/opencv_armor_detector/src/OpenCVArmorDetector.cpp:1[m[K:
[6.549s] [01m[K/usr/local/include/opencv4/opencv2/core/types.hpp:202:23:[m[K [01;36m[Knote: [m[Kâ€˜[01m[Kcv::Point2f[m[Kâ€™ declared here
[6.549s]   202 | typedef Point_<float> [01;36m[KPoint2f[m[K;
[6.549s]       |                       [01;36m[K^~~~~~~[m[K
[6.549s] [01m[K/home/user-accounts/lee4649/auto-aiming/src/prm_vision/opencv_armor_detector/src/OpenCVArmorDetector.cpp:74:33:[m[K [01;31m[Kerror: [m[Ktemplate argument 1 is invalid
[6.549s]    74 |         for (std::vector<Point2f[01;31m[K>[m[K points : armors) {
[6.549s]       |                                 [01;31m[K^[m[K
[6.549s] [01m[K/home/user-accounts/lee4649/auto-aiming/src/prm_vision/opencv_armor_detector/src/OpenCVArmorDetector.cpp:74:33:[m[K [01;31m[Kerror: [m[Ktemplate argument 2 is invalid
[6.554s] [01m[K/home/user-accounts/lee4649/auto-aiming/src/prm_vision/opencv_armor_detector/src/OpenCVArmorDetector.cpp:74:44:[m[K [01;31m[Kerror: [m[Kcannot convert â€˜[01m[Kstd::vector<cv::Point_<float> >[m[Kâ€™ to â€˜[01m[Kint[m[Kâ€™ in initialization
[6.554s]    74 |         for (std::vector<Point2f> points : [01;31m[Karmors[m[K) {
[6.554s]       |                                            [01;31m[K^~~~~~[m[K
[6.554s] [01m[K/home/user-accounts/lee4649/auto-aiming/src/prm_vision/opencv_armor_detector/src/OpenCVArmorDetector.cpp:83:52:[m[K [01;31m[Kerror: [m[Krequest for member â€˜[01m[Kat[m[Kâ€™ in â€˜[01m[Kpoints[m[Kâ€™, which is of non-class type â€˜[01m[Kint[m[Kâ€™
[6.554s]    83 |                 detected_keypoints[i * 2] = points.[01;31m[Kat[m[K(i).x + _search_area[0];
[6.554s]       |                                                    [01;31m[K^~[m[K
[6.554s] [01m[K/home/user-accounts/lee4649/auto-aiming/src/prm_vision/opencv_armor_detector/src/OpenCVArmorDetector.cpp:84:56:[m[K [01;31m[Kerror: [m[Krequest for member â€˜[01m[Kat[m[Kâ€™ in â€˜[01m[Kpoints[m[Kâ€™, which is of non-class type â€˜[01m[Kint[m[Kâ€™
[6.555s]    84 |                 detected_keypoints[i * 2 + 1] = points.[01;31m[Kat[m[K(i).y + _search_area[1];
[6.555s]       |                                                        [01;31m[K^~[m[K
[8.037s] make[2]: *** [CMakeFiles/OpenCVArmorDetector.dir/build.make:63: CMakeFiles/OpenCVArmorDetector.dir/src/OpenCVArmorDetector.cpp.o] Error 1
[8.037s] make[1]: *** [CMakeFiles/Makefile2:132: CMakeFiles/OpenCVArmorDetector.dir/all] Error 2
[8.037s] make[1]: *** Waiting for unfinished jobs....
[18.237s] [ 50%] [32m[1mLinking CXX static library libgtest.a[0m
[18.297s] [ 50%] Built target gtest
[18.299s] make: *** [Makefile:141: all] Error 2
[18.304s] Invoked command in '/home/user-accounts/lee4649/auto-aiming/build/opencv_armor_detector' returned '2': AMENT_PREFIX_PATH=/home/user-accounts/lee4649/auto-aiming/install/vision_msgs:${AMENT_PREFIX_PATH} CMAKE_PREFIX_PATH=/home/user-accounts/lee4649/auto-aiming/install/vision_msgs:/opt/ros/foxy LD_LIBRARY_PATH=/home/user-accounts/lee4649/auto-aiming/install/vision_msgs/lib:${LD_LIBRARY_PATH} PYTHONPATH=/home/user-accounts/lee4649/auto-aiming/install/vision_msgs/lib/python3.8/site-packages:${PYTHONPATH} /usr/bin/cmake --build /home/user-accounts/lee4649/auto-aiming/build/opencv_armor_detector -- -j8 -l8
