[ 40%] Built target gtest
[ 40%] Built target gtest_main
[ 60%] Built target OpenCVArmorDetector
[35m[1mScanning dependencies of target test_OpenCVArmorDetector[0m
[35m[1mScanning dependencies of target OpenCVArmorDetectorNode[0m
[ 70%] [32mBuilding CXX object CMakeFiles/test_OpenCVArmorDetector.dir/test/test_OpenCVArmorDetector.cpp.o[0m
[ 80%] [32mBuilding CXX object CMakeFiles/OpenCVArmorDetectorNode.dir/src/OpenCVArmorDetectorNode.cpp.o[0m
[01m[K/home/user-accounts/lee4649/auto-aiming/src/prm_vision/opencv_armor_detector/test/test_OpenCVArmorDetector.cpp:[m[K In function â€˜[01m[Kvoid testImgs(std::string, std::string, OpenCVArmorDetector*, float, float)[m[Kâ€™:
[01m[K/home/user-accounts/lee4649/auto-aiming/src/prm_vision/opencv_armor_detector/test/test_OpenCVArmorDetector.cpp:315:54:[m[K [01;31m[Kerror: [m[Kâ€˜[01m[Kdcdsc[m[Kâ€™ was not declared in this scope
  315 |         std::string img_path = entry.path().string();[01;31m[Kdcdsc[m[K
      |                                                      [01;31m[K^~~~~[m[K
[01m[K/home/user-accounts/lee4649/auto-aiming/src/prm_vision/opencv_armor_detector/test/test_OpenCVArmorDetector.cpp:317:20:[m[K [01;31m[Kerror: [m[Kâ€˜[01m[Kframe[m[Kâ€™ was not declared in this scope
  317 |         cv::resize([01;31m[Kframe[m[K, frame, cv::Size(WIDTH, HEIGHT));
      |                    [01;31m[K^~~~~[m[K
make[2]: *** [CMakeFiles/test_OpenCVArmorDetector.dir/build.make:63: CMakeFiles/test_OpenCVArmorDetector.dir/test/test_OpenCVArmorDetector.cpp.o] Error 1
make[1]: *** [CMakeFiles/Makefile2:105: CMakeFiles/test_OpenCVArmorDetector.dir/all] Error 2
make[1]: *** Waiting for unfinished jobs....
[ 90%] [32m[1mLinking CXX executable OpenCVArmorDetectorNode[0m
/usr/bin/ld: warning: libopencv_imgcodecs.so.4.2, needed by /opt/ros/foxy/lib/libcv_bridge.so, may conflict with libopencv_imgcodecs.so.406
/usr/bin/ld: warning: libopencv_imgproc.so.4.2, needed by /opt/ros/foxy/lib/libcv_bridge.so, may conflict with libopencv_imgproc.so.406
/usr/bin/ld: warning: libopencv_core.so.4.2, needed by /opt/ros/foxy/lib/libcv_bridge.so, may conflict with libopencv_core.so.406
[ 90%] Built target OpenCVArmorDetectorNode
make: *** [Makefile:141: all] Error 2
