[0.014s] Invoking command in '/home/purduerm/ros2-ws/auto-aiming/build/control_communicator': AMENT_PREFIX_PATH=/home/purduerm/ros2-ws/auto-aiming/install/vision_msgs:${AMENT_PREFIX_PATH} CMAKE_PREFIX_PATH=/home/purduerm/ros2-ws/auto-aiming/install/vision_msgs:/opt/ros/foxy LD_LIBRARY_PATH=/home/purduerm/ros2-ws/auto-aiming/install/vision_msgs/lib:${LD_LIBRARY_PATH} PYTHONPATH=/home/purduerm/ros2-ws/auto-aiming/install/vision_msgs/lib/python3.8/site-packages:${PYTHONPATH} /usr/bin/cmake /home/purduerm/ros2-ws/auto-aiming/src/prm_control/control_communicator -DCMAKE_BUILD_TYPE=Release -DCMAKE_CXX_FLAGS_RELEASE=-O3 -DAMENT_CMAKE_SYMLINK_INSTALL=1 -DCMAKE_INSTALL_PREFIX=/home/purduerm/ros2-ws/auto-aiming/install/control_communicator
[0.055s] -- The C compiler identification is GNU 9.4.0
[0.095s] -- The CXX compiler identification is GNU 9.4.0
[0.099s] -- Check for working C compiler: /usr/bin/cc
[0.147s] -- Check for working C compiler: /usr/bin/cc -- works
[0.147s] -- Detecting C compiler ABI info
[0.193s] -- Detecting C compiler ABI info - done
[0.207s] -- Detecting C compile features
[0.207s] -- Detecting C compile features - done
[0.210s] -- Check for working CXX compiler: /usr/bin/c++
[0.269s] -- Check for working CXX compiler: /usr/bin/c++ -- works
[0.270s] -- Detecting CXX compiler ABI info
[0.328s] -- Detecting CXX compiler ABI info - done
[0.337s] -- Detecting CXX compile features
[0.337s] -- Detecting CXX compile features - done
[0.338s] -- Found ament_cmake: 0.9.12 (/opt/ros/foxy/share/ament_cmake/cmake)
[0.359s] -- Found PythonInterp: /usr/bin/python3 (found suitable version "3.8.10", minimum required is "3") 
[0.359s] -- Using PYTHON_EXECUTABLE: /usr/bin/python3
[0.580s] -- Override CMake install command with custom implementation using symlinks instead of copying resources
[0.600s] -- Found rclcpp: 2.4.3 (/opt/ros/foxy/share/rclcpp/cmake)
[0.634s] -- Using all available rosidl_typesupport_c: rosidl_typesupport_fastrtps_c;rosidl_typesupport_introspection_c
[0.639s] -- Found rosidl_adapter: 1.3.1 (/opt/ros/foxy/share/rosidl_adapter/cmake)
[0.703s] -- Found OpenSSL: /usr/lib/x86_64-linux-gnu/libcrypto.so (found version "1.1.1f")  
[0.725s] -- Found FastRTPS: /opt/ros/foxy/include  
[0.799s] -- Using all available rosidl_typesupport_cpp: rosidl_typesupport_fastrtps_cpp;rosidl_typesupport_introspection_cpp
[0.843s] -- Found rmw_implementation_cmake: 1.0.4 (/opt/ros/foxy/share/rmw_implementation_cmake/cmake)
[0.844s] -- Using RMW implementation 'rmw_fastrtps_cpp' as default
[0.845s] -- Looking for pthread.h
[0.897s] -- Looking for pthread.h - found
[0.897s] -- Performing Test CMAKE_HAVE_LIBC_PTHREAD
[0.952s] -- Performing Test CMAKE_HAVE_LIBC_PTHREAD - Failed
[0.952s] -- Looking for pthread_create in pthreads
[0.994s] -- Looking for pthread_create in pthreads - not found
[0.994s] -- Looking for pthread_create in pthread
[1.042s] -- Looking for pthread_create in pthread - found
[1.042s] -- Found Threads: TRUE  
[1.171s] -- Found geometry_msgs: 2.0.5 (/opt/ros/foxy/share/geometry_msgs/cmake)
[1.198s] -- Found vision_msgs: 0.0.0 (/home/purduerm/ros2-ws/auto-aiming/install/vision_msgs/share/vision_msgs/cmake)
[1.308s] -- Found tf2: 0.13.14 (/opt/ros/foxy/share/tf2/cmake)
[1.317s] -- Found tf2_ros: 0.13.14 (/opt/ros/foxy/share/tf2_ros/cmake)
[1.595s] -- Found nav_msgs: 2.0.5 (/opt/ros/foxy/share/nav_msgs/cmake)
[1.724s] -- Configuring done
[1.737s] -- Generating done
[1.743s] -- Build files have been written to: /home/purduerm/ros2-ws/auto-aiming/build/control_communicator
[1.750s] Invoked command in '/home/purduerm/ros2-ws/auto-aiming/build/control_communicator' returned '0': AMENT_PREFIX_PATH=/home/purduerm/ros2-ws/auto-aiming/install/vision_msgs:${AMENT_PREFIX_PATH} CMAKE_PREFIX_PATH=/home/purduerm/ros2-ws/auto-aiming/install/vision_msgs:/opt/ros/foxy LD_LIBRARY_PATH=/home/purduerm/ros2-ws/auto-aiming/install/vision_msgs/lib:${LD_LIBRARY_PATH} PYTHONPATH=/home/purduerm/ros2-ws/auto-aiming/install/vision_msgs/lib/python3.8/site-packages:${PYTHONPATH} /usr/bin/cmake /home/purduerm/ros2-ws/auto-aiming/src/prm_control/control_communicator -DCMAKE_BUILD_TYPE=Release -DCMAKE_CXX_FLAGS_RELEASE=-O3 -DAMENT_CMAKE_SYMLINK_INSTALL=1 -DCMAKE_INSTALL_PREFIX=/home/purduerm/ros2-ws/auto-aiming/install/control_communicator
[1.750s] Invoking command in '/home/purduerm/ros2-ws/auto-aiming/build/control_communicator': AMENT_PREFIX_PATH=/home/purduerm/ros2-ws/auto-aiming/install/vision_msgs:${AMENT_PREFIX_PATH} CMAKE_PREFIX_PATH=/home/purduerm/ros2-ws/auto-aiming/install/vision_msgs:/opt/ros/foxy LD_LIBRARY_PATH=/home/purduerm/ros2-ws/auto-aiming/install/vision_msgs/lib:${LD_LIBRARY_PATH} PYTHONPATH=/home/purduerm/ros2-ws/auto-aiming/install/vision_msgs/lib/python3.8/site-packages:${PYTHONPATH} /usr/bin/cmake --build /home/purduerm/ros2-ws/auto-aiming/build/control_communicator -- -j12 -l12
[1.782s] [35m[1mScanning dependencies of target ControlCommunicatorNode[0m
[2.254s] [ 50%] [32mBuilding CXX object CMakeFiles/ControlCommunicatorNode.dir/src/ControlCommunicatorNode.cpp.o[0m
[2.448s] [01m[K/home/purduerm/ros2-ws/auto-aiming/src/prm_control/control_communicator/src/ControlCommunicatorNode.cpp:12:[m[K [01;35m[Kwarning: [m[K"PI" redefined
[2.448s]    12 | #define PI 3.141592653589793238462643383 // It was 4 AM when I wrote this.
[2.449s]       | 
[2.449s] In file included from [01m[K/home/purduerm/ros2-ws/auto-aiming/src/prm_control/control_communicator/include/ControlCommunicatorNode.hpp:30[m[K,
[2.449s]                  from [01m[K/home/purduerm/ros2-ws/auto-aiming/src/prm_control/control_communicator/src/ControlCommunicatorNode.cpp:1[m[K:
[2.449s] [01m[K/home/purduerm/ros2-ws/auto-aiming/src/prm_control/control_communicator/include/projectile_angle_convel.h:9:[m[K [01;36m[Knote: [m[Kthis is the location of the previous definition
[2.449s]     9 | #define PI 3.14159
[2.449s]       | 
[4.052s] In file included from [01m[K/home/purduerm/ros2-ws/auto-aiming/src/prm_control/control_communicator/src/ControlCommunicatorNode.cpp:1[m[K:
[4.052s] [01m[K/home/purduerm/ros2-ws/auto-aiming/src/prm_control/control_communicator/include/ControlCommunicatorNode.hpp:75:5:[m[K [01;31m[Kerror: [m[Kâ€˜[01m[KPitchLookupModel[m[Kâ€™ does not name a type
[4.052s]    75 |     [01;31m[KPitchLookupModel[m[K pitch_lookup_model;
[4.052s]       |     [01;31m[K^~~~~~~~~~~~~~~~[m[K
[4.352s] [01m[K/home/purduerm/ros2-ws/auto-aiming/src/prm_control/control_communicator/src/ControlCommunicatorNode.cpp:[m[K In constructor â€˜[01m[KControlCommunicatorNode::ControlCommunicatorNode(const char*)[m[Kâ€™:
[4.352s] [01m[K/home/purduerm/ros2-ws/auto-aiming/src/prm_control/control_communicator/src/ControlCommunicatorNode.cpp:22:11:[m[K [01;31m[Kerror: [m[Kâ€˜[01m[Kclass ControlCommunicatorNode[m[Kâ€™ has no member named â€˜[01m[Kpitch_lookup_model[m[Kâ€™
[4.352s]    22 |     this->[01;31m[Kpitch_lookup_model[m[K = PitchLookupModel(this->lookup_table_path);
[4.352s]       |           [01;31m[K^~~~~~~~~~~~~~~~~~[m[K
[4.357s] [01m[K/home/purduerm/ros2-ws/auto-aiming/src/prm_control/control_communicator/src/ControlCommunicatorNode.cpp:22:32:[m[K [01;31m[Kerror: [m[Kâ€˜[01m[KPitchLookupModel[m[Kâ€™ was not declared in this scope
[4.358s]    22 |     this->pitch_lookup_model = [01;31m[KPitchLookupModel[m[K(this->lookup_table_path);
[4.358s]       |                                [01;31m[K^~~~~~~~~~~~~~~~[m[K
[4.360s] [01m[K/home/purduerm/ros2-ws/auto-aiming/src/prm_control/control_communicator/src/ControlCommunicatorNode.cpp:23:1:[m[K [01;31m[Kerror: [m[Kâ€˜[01m[Kz[m[Kâ€™ was not declared in this scope
[4.360s]    23 | [01;31m[Kz[m[K
[4.360s]       | [01;31m[K^[m[K
[4.385s] [01m[K/home/purduerm/ros2-ws/auto-aiming/src/prm_control/control_communicator/src/ControlCommunicatorNode.cpp:57:8:[m[K [01;31m[Kerror: [m[Kâ€˜[01m[Kclass ControlCommunicatorNode[m[Kâ€™ has no member named â€˜[01m[Kpitch_lookup_table[m[Kâ€™
[4.385s]    57 |  this->[01;31m[Kpitch_lookup_table[m[K = read_lookup_table()
[4.385s]       |        [01;31m[K^~~~~~~~~~~~~~~~~~[m[K
[4.390s] [01m[K/home/purduerm/ros2-ws/auto-aiming/src/prm_control/control_communicator/src/ControlCommunicatorNode.cpp:57:29:[m[K [01;31m[Kerror: [m[Kâ€˜[01m[Kread_lookup_table[m[Kâ€™ was not declared in this scope
[4.390s]    57 |  this->pitch_lookup_table = [01;31m[Kread_lookup_table[m[K()
[4.390s]       |                             [01;31m[K^~~~~~~~~~~~~~~~~[m[K
[4.390s] [01m[K/home/purduerm/ros2-ws/auto-aiming/src/prm_control/control_communicator/src/ControlCommunicatorNode.cpp:60:8:[m[K [01;31m[Kerror: [m[Kâ€˜[01m[Kclass ControlCommunicatorNode[m[Kâ€™ has no member named â€˜[01m[Kread_lookup_table_time[m[Kâ€™
[4.390s]    60 |  this->[01;31m[Kread_lookup_table_time[m[K = this->create_wall_timer(5000ms, std::bind(&PitchLookupModel::load_file(this->lookup_table_path), this->pitch_lookup_model));
[4.390s]       |        [01;31m[K^~~~~~~~~~~~~~~~~~~~~~[m[K
[4.390s] [01m[K/home/purduerm/ros2-ws/auto-aiming/src/prm_control/control_communicator/src/ControlCommunicatorNode.cpp:60:76:[m[K [01;31m[Kerror: [m[Kâ€˜[01m[KPitchLookupModel[m[Kâ€™ is not a class, namespace, or enumeration
[4.390s]    60 |  this->read_lookup_table_time = this->create_wall_timer(5000ms, std::bind(&[01;31m[KPitchLookupModel[m[K::load_file(this->lookup_table_path), this->pitch_lookup_model));
[4.390s]       |                                                                            [01;31m[K^~~~~~~~~~~~~~~~[m[K
[4.390s] [01m[K/home/purduerm/ros2-ws/auto-aiming/src/prm_control/control_communicator/src/ControlCommunicatorNode.cpp:60:136:[m[K [01;31m[Kerror: [m[Kâ€˜[01m[Kclass ControlCommunicatorNode[m[Kâ€™ has no member named â€˜[01m[Kpitch_lookup_model[m[Kâ€™
[4.390s]    60 |  this->read_lookup_table_time = this->create_wall_timer(5000ms, std::bind(&PitchLookupModel::load_file(this->lookup_table_path), this->[01;31m[Kpitch_lookup_model[m[K));
[4.390s]       |                                                                                                                                        [01;31m[K^~~~~~~~~~~~~~~~~~[m[K
[4.398s] [01m[K/home/purduerm/ros2-ws/auto-aiming/src/prm_control/control_communicator/src/ControlCommunicatorNode.cpp:[m[K In member function â€˜[01m[Kvoid ControlCommunicatorNode::auto_aim_handler(std::shared_ptr<vision_msgs::msg::PredictedArmor_<std::allocator<void> > >)[m[Kâ€™:
[4.398s] [01m[K/home/purduerm/ros2-ws/auto-aiming/src/prm_control/control_communicator/src/ControlCommunicatorNode.cpp:199:16:[m[K [01;31m[Kerror: [m[Kâ€˜[01m[Kclass ControlCommunicatorNode[m[Kâ€™ has no member named â€˜[01m[Kpitch_lookup_model[m[Kâ€™
[4.398s]   199 |  pitch = this->[01;31m[Kpitch_lookup_model[m[K.get_pitch(dst, msg->y);
[4.398s]       |                [01;31m[K^~~~~~~~~~~~~~~~~~[m[K
[4.398s] [01m[K/home/purduerm/ros2-ws/auto-aiming/src/prm_control/control_communicator/src/ControlCommunicatorNode.cpp:169:9:[m[K [01;35m[Kwarning: [m[Kunused variable â€˜[01m[Kp[m[Kâ€™ [[01;35m[K-Wunused-variable[m[K]
[4.398s]   169 |  double [01;35m[Kp[m[K = 0, y = 0;
[4.398s]       |         [01;35m[K^[m[K
[4.398s] [01m[K/home/purduerm/ros2-ws/auto-aiming/src/prm_control/control_communicator/src/ControlCommunicatorNode.cpp:169:16:[m[K [01;35m[Kwarning: [m[Kunused variable â€˜[01m[Ky[m[Kâ€™ [[01;35m[K-Wunused-variable[m[K]
[4.398s]   169 |  double p = 0, [01;35m[Ky[m[K = 0;
[4.398s]       |                [01;35m[K^[m[K
[4.398s] [01m[K/home/purduerm/ros2-ws/auto-aiming/src/prm_control/control_communicator/src/ControlCommunicatorNode.cpp:170:7:[m[K [01;35m[Kwarning: [m[Kunused variable â€˜[01m[Kim[m[Kâ€™ [[01;35m[K-Wunused-variable[m[K]
[4.398s]   170 |  bool [01;35m[Kim[m[K = 0;
[4.398s]       |       [01;35m[K^~[m[K
[6.600s] [01m[K/home/purduerm/ros2-ws/auto-aiming/src/prm_control/control_communicator/src/ControlCommunicatorNode.cpp:208:7:[m[K [01;35m[Kwarning: [m[Kignoring return value of â€˜[01m[Kssize_t write(int, const void*, size_t)[m[Kâ€™, declared with attribute warn_unused_result [[01;35m[K-Wunused-result[m[K]
[6.600s]   208 |  [01;35m[Kwrite(this->port_fd, &package, sizeof(PackageOut))[m[K;
[6.600s]       |  [01;35m[K~~~~~^~~~~~~~~~~~~~~~~~~~~~~~~~~~~~~~~~~~~~~~~~~~~[m[K
[6.601s] [01m[K/home/purduerm/ros2-ws/auto-aiming/src/prm_control/control_communicator/src/ControlCommunicatorNode.cpp:[m[K In member function â€˜[01m[Kvoid ControlCommunicatorNode::nav_handler(std::shared_ptr<geometry_msgs::msg::Twist_<std::allocator<void> > >)[m[Kâ€™:
[6.601s] [01m[K/home/purduerm/ros2-ws/auto-aiming/src/prm_control/control_communicator/src/ControlCommunicatorNode.cpp:232:7:[m[K [01;35m[Kwarning: [m[Kignoring return value of â€˜[01m[Kssize_t write(int, const void*, size_t)[m[Kâ€™, declared with attribute warn_unused_result [[01;35m[K-Wunused-result[m[K]
[6.601s]   232 |  [01;35m[Kwrite(this->port_fd, &package, sizeof(PackageOut))[m[K;
[6.601s]       |  [01;35m[K~~~~~^~~~~~~~~~~~~~~~~~~~~~~~~~~~~~~~~~~~~~~~~~~~~[m[K
[6.631s] make[2]: *** [CMakeFiles/ControlCommunicatorNode.dir/build.make:63: CMakeFiles/ControlCommunicatorNode.dir/src/ControlCommunicatorNode.cpp.o] Error 1
[6.632s] make[1]: *** [CMakeFiles/Makefile2:78: CMakeFiles/ControlCommunicatorNode.dir/all] Error 2
[6.632s] make: *** [Makefile:141: all] Error 2
[6.634s] Invoked command in '/home/purduerm/ros2-ws/auto-aiming/build/control_communicator' returned '2': AMENT_PREFIX_PATH=/home/purduerm/ros2-ws/auto-aiming/install/vision_msgs:${AMENT_PREFIX_PATH} CMAKE_PREFIX_PATH=/home/purduerm/ros2-ws/auto-aiming/install/vision_msgs:/opt/ros/foxy LD_LIBRARY_PATH=/home/purduerm/ros2-ws/auto-aiming/install/vision_msgs/lib:${LD_LIBRARY_PATH} PYTHONPATH=/home/purduerm/ros2-ws/auto-aiming/install/vision_msgs/lib/python3.8/site-packages:${PYTHONPATH} /usr/bin/cmake --build /home/purduerm/ros2-ws/auto-aiming/build/control_communicator -- -j12 -l12
