-- The CXX compiler identification is GNU 9.4.0
-- Check for working CXX compiler: /usr/bin/c++
-- Check for working CXX compiler: /usr/bin/c++ -- works
-- Detecting CXX compiler ABI info
-- Detecting CXX compiler ABI info - done
-- Detecting CXX compile features
-- Detecting CXX compile features - done
-- Found ament_cmake: 0.9.12 (/opt/ros/foxy/share/ament_cmake/cmake)
-- Found PythonInterp: /usr/bin/python3 (found suitable version "3.8.10", minimum required is "3") 
-- Using PYTHON_EXECUTABLE: /usr/bin/python3
-- Override CMake install command with custom implementation using symlinks instead of copying resources
-- Found rclcpp: 2.4.3 (/opt/ros/foxy/share/rclcpp/cmake)
-- Using all available rosidl_typesupport_c: rosidl_typesupport_fastrtps_c;rosidl_typesupport_introspection_c
-- Found rosidl_adapter: 1.3.1 (/opt/ros/foxy/share/rosidl_adapter/cmake)
-- Found OpenSSL: /usr/lib/x86_64-linux-gnu/libcrypto.so (found version "1.1.1f")  
-- Found FastRTPS: /opt/ros/foxy/include  
-- Using all available rosidl_typesupport_cpp: rosidl_typesupport_fastrtps_cpp;rosidl_typesupport_introspection_cpp
-- Found rmw_implementation_cmake: 1.0.4 (/opt/ros/foxy/share/rmw_implementation_cmake/cmake)
-- Using RMW implementation 'rmw_fastrtps_cpp' as default
-- Looking for C++ include pthread.h
-- Looking for C++ include pthread.h - found
-- Performing Test CMAKE_HAVE_LIBC_PTHREAD
-- Performing Test CMAKE_HAVE_LIBC_PTHREAD - Failed
-- Looking for pthread_create in pthreads
-- Looking for pthread_create in pthreads - not found
-- Looking for pthread_create in pthread
-- Looking for pthread_create in pthread - found
-- Found Threads: TRUE  
-- Found vision_msgs: 0.0.0 (/home/purduerm/ros2-ws/auto-aiming/install/vision_msgs/share/vision_msgs/cmake)
-- Found CUDA: /usr/local/cuda (found suitable exact version "11.4") 
-- Found OpenCV: /usr/local (found suitable version "4.6.0", minimum required is "4.6.0") 
-- Found cv_bridge: 3.0.7 (/opt/ros/foxy/share/cv_bridge/cmake)
-- Found tf2: 0.13.14 (/opt/ros/foxy/share/tf2/cmake)
-- Found tf2_ros: 0.13.14 (/opt/ros/foxy/share/tf2_ros/cmake)
-- Found ament_cmake_gtest: 0.9.12 (/opt/ros/foxy/share/ament_cmake_gtest/cmake)
-- Found gtest sources under '/opt/ros/foxy/src/gtest_vendor': C++ tests using 'Google Test' will be built
-- The C compiler identification is GNU 9.4.0
-- Check for working C compiler: /usr/bin/cc
-- Check for working C compiler: /usr/bin/cc -- works
-- Detecting C compiler ABI info
-- Detecting C compiler ABI info - done
-- Detecting C compile features
-- Detecting C compile features - done
-- Check if compiler accepts -pthread
-- Check if compiler accepts -pthread - yes
-- Configuring done
-- Generating done
-- Build files have been written to: /home/purduerm/ros2-ws/auto-aiming/build/pose_estimator
[35m[1mScanning dependencies of target gtest[0m
[35m[1mScanning dependencies of target gtest_main[0m
[35m[1mScanning dependencies of target ValidityFilter[0m
[  7%] [32mBuilding CXX object gtest/CMakeFiles/gtest_main.dir/src/gtest_main.cc.o[0m
[ 14%] [32mBuilding CXX object gtest/CMakeFiles/gtest.dir/src/gtest-all.cc.o[0m
[ 21%] [32mBuilding CXX object CMakeFiles/ValidityFilter.dir/src/ValidityFilter.cpp.o[0m
[ 28%] [32m[1mLinking CXX static library libValidityFilter.a[0m
[ 28%] Built target ValidityFilter
[35m[1mScanning dependencies of target PoseEstimator[0m
[ 35%] [32mBuilding CXX object CMakeFiles/PoseEstimator.dir/src/PoseEstimator.cpp.o[0m
[ 42%] [32m[1mLinking CXX static library libgtest_main.a[0m
[ 42%] Built target gtest_main
[ 50%] [32m[1mLinking CXX static library libgtest.a[0m
[ 50%] Built target gtest
[35m[1mScanning dependencies of target test_ValidityFilter[0m
[ 57%] [32mBuilding CXX object CMakeFiles/test_ValidityFilter.dir/test/test_ValidityFilter.cpp.o[0m
[ 64%] [32m[1mLinking CXX static library libPoseEstimator.a[0m
[ 64%] Built target PoseEstimator
[35m[1mScanning dependencies of target PoseEstimatorNode[0m
[35m[1mScanning dependencies of target test_PoseEstimator[0m
[ 71%] [32mBuilding CXX object CMakeFiles/test_PoseEstimator.dir/test/test_PoseEstimator.cpp.o[0m
[ 78%] [32mBuilding CXX object CMakeFiles/PoseEstimatorNode.dir/src/PoseEstimatorNode.cpp.o[0m
[ 85%] [32m[1mLinking CXX executable test_ValidityFilter[0m
[ 85%] Built target test_ValidityFilter
[01m[K/home/purduerm/ros2-ws/auto-aiming/src/prm_vision/pose_estimator/src/PoseEstimatorNode.cpp:[m[K In member function â€˜[01m[Kvoid PoseEstimatorNode::keyPointsCallback(vision_msgs::msg::KeyPoints_<std::allocator<void> >::SharedPtr)[m[Kâ€™:
[01m[K/home/purduerm/ros2-ws/auto-aiming/src/prm_vision/pose_estimator/src/PoseEstimatorNode.cpp:175:5:[m[K [01;31m[Kerror: [m[Kno matching function for call to â€˜[01m[KEigen::Matrix<double, 4, 4>::Matrix(<brace-enclosed initializer list>)[m[Kâ€™
  175 |     [01;31m[K}[m[K;
      |     [01;31m[K^[m[K
In file included from [01m[K/usr/include/eigen3/Eigen/Core:458[m[K,
                 from [01m[K/home/purduerm/ros2-ws/auto-aiming/src/prm_vision/pose_estimator/include/PoseEstimator.h:8[m[K,
                 from [01m[K/home/purduerm/ros2-ws/auto-aiming/src/prm_vision/pose_estimator/include/PoseEstimatorNode.hpp:19[m[K,
                 from [01m[K/home/purduerm/ros2-ws/auto-aiming/src/prm_vision/pose_estimator/src/PoseEstimatorNode.cpp:1[m[K:
[01m[K/usr/include/eigen3/Eigen/src/Core/Matrix.h:387:14:[m[K [01;36m[Knote: [m[Kcandidate: â€˜[01m[Ktemplate<class OtherDerived> Eigen::Matrix<_Scalar, _Rows, _Cols, _Options, _MaxRows, _MaxCols>::Matrix(const Eigen::RotationBase<OtherDerived, Eigen::Matrix<_Scalar, _Rows, _Cols, _Options, _MaxRows, _MaxCols>::ColsAtCompileTime>&)[m[Kâ€™
  387 |     explicit [01;36m[KMatrix[m[K(const RotationBase<OtherDerived,ColsAtCompileTime>& r);
      |              [01;36m[K^~~~~~[m[K
[01m[K/usr/include/eigen3/Eigen/src/Core/Matrix.h:387:14:[m[K [01;36m[Knote: [m[K  template argument deduction/substitution failed:
[01m[K/home/purduerm/ros2-ws/auto-aiming/src/prm_vision/pose_estimator/src/PoseEstimatorNode.cpp:175:5:[m[K [01;36m[Knote: [m[K  candidate expects 1 argument, 4 provided
  175 |     [01;36m[K}[m[K;
      |     [01;36m[K^[m[K
In file included from [01m[K/usr/include/eigen3/Eigen/Core:458[m[K,
                 from [01m[K/home/purduerm/ros2-ws/auto-aiming/src/prm_vision/pose_estimator/include/PoseEstimator.h:8[m[K,
                 from [01m[K/home/purduerm/ros2-ws/auto-aiming/src/prm_vision/pose_estimator/include/PoseEstimatorNode.hpp:19[m[K,
                 from [01m[K/home/purduerm/ros2-ws/auto-aiming/src/prm_vision/pose_estimator/src/PoseEstimatorNode.cpp:1[m[K:
[01m[K/usr/include/eigen3/Eigen/src/Core/Matrix.h:376:25:[m[K [01;36m[Knote: [m[Kcandidate: â€˜[01m[Ktemplate<class OtherDerived> Eigen::Matrix<_Scalar, _Rows, _Cols, _Options, _MaxRows, _MaxCols>::Matrix(const Eigen::EigenBase<OtherDerived>&)[m[Kâ€™
  376 |     EIGEN_STRONG_INLINE [01;36m[KMatrix[m[K(const EigenBase<OtherDerived> &other)
      |                         [01;36m[K^~~~~~[m[K
[01m[K/usr/include/eigen3/Eigen/src/Core/Matrix.h:376:25:[m[K [01;36m[Knote: [m[K  template argument deduction/substitution failed:
[01m[K/home/purduerm/ros2-ws/auto-aiming/src/prm_vision/pose_estimator/src/PoseEstimatorNode.cpp:175:5:[m[K [01;36m[Knote: [m[K  candidate expects 1 argument, 4 provided
  175 |     [01;36m[K}[m[K;
      |     [01;36m[K^[m[K
In file included from [01m[K/usr/include/eigen3/Eigen/Core:458[m[K,
                 from [01m[K/home/purduerm/ros2-ws/auto-aiming/src/prm_vision/pose_estimator/include/PoseEstimator.h:8[m[K,
                 from [01m[K/home/purduerm/ros2-ws/auto-aiming/src/prm_vision/pose_estimator/include/PoseEstimatorNode.hpp:19[m[K,
                 from [01m[K/home/purduerm/ros2-ws/auto-aiming/src/prm_vision/pose_estimator/src/PoseEstimatorNode.cpp:1[m[K:
[01m[K/usr/include/eigen3/Eigen/src/Core/Matrix.h:368:25:[m[K [01;36m[Knote: [m[Kcandidate: â€˜[01m[KEigen::Matrix<_Scalar, _Rows, _Cols, _Options, _MaxRows, _MaxCols>::Matrix(const Eigen::Matrix<_Scalar, _Rows, _Cols, _Options, _MaxRows, _MaxCols>&) [with _Scalar = double; int _Rows = 4; int _Cols = 4; int _Options = 0; int _MaxRows = 4; int _MaxCols = 4][m[Kâ€™
  368 |     EIGEN_STRONG_INLINE [01;36m[KMatrix[m[K(const Matrix& other) : Base(other)
      |                         [01;36m[K^~~~~~[m[K
[01m[K/usr/include/eigen3/Eigen/src/Core/Matrix.h:368:25:[m[K [01;36m[Knote: [m[K  candidate expects 1 argument, 4 provided
[01m[K/usr/include/eigen3/Eigen/src/Core/Matrix.h:355:25:[m[K [01;36m[Knote: [m[Kcandidate: â€˜[01m[KEigen::Matrix<_Scalar, _Rows, _Cols, _Options, _MaxRows, _MaxCols>::Matrix(const Scalar&, const Scalar&, const Scalar&, const Scalar&) [with _Scalar = double; int _Rows = 4; int _Cols = 4; int _Options = 0; int _MaxRows = 4; int _MaxCols = 4; Eigen::Matrix<_Scalar, _Rows, _Cols, _Options, _MaxRows, _MaxCols>::Scalar = double][m[Kâ€™
  355 |     EIGEN_STRONG_INLINE [01;36m[KMatrix[m[K(const Scalar& x, const Scalar& y, const Scalar& z, const Scalar& w)
      |                         [01;36m[K^~~~~~[m[K
[01m[K/usr/include/eigen3/Eigen/src/Core/Matrix.h:355:46:[m[K [01;36m[Knote: [m[K  no known conversion for argument 1 from â€˜[01m[K<brace-enclosed initializer list>[m[Kâ€™ to â€˜[01m[Kconst Scalar&[m[Kâ€™ {aka â€˜[01m[Kconst double&[m[Kâ€™}
  355 |     EIGEN_STRONG_INLINE Matrix([01;36m[Kconst Scalar& x[m[K, const Scalar& y, const Scalar& z, const Scalar& w)
      |                                [01;36m[K~~~~~~~~~~~~~~^[m[K
[01m[K/usr/include/eigen3/Eigen/src/Core/Matrix.h:345:25:[m[K [01;36m[Knote: [m[Kcandidate: â€˜[01m[KEigen::Matrix<_Scalar, _Rows, _Cols, _Options, _MaxRows, _MaxCols>::Matrix(const Scalar&, const Scalar&, const Scalar&) [with _Scalar = double; int _Rows = 4; int _Cols = 4; int _Options = 0; int _MaxRows = 4; int _MaxCols = 4; Eigen::Matrix<_Scalar, _Rows, _Cols, _Options, _MaxRows, _MaxCols>::Scalar = double][m[Kâ€™
  345 |     EIGEN_STRONG_INLINE [01;36m[KMatrix[m[K(const Scalar& x, const Scalar& y, const Scalar& z)
      |                         [01;36m[K^~~~~~[m[K
[01m[K/usr/include/eigen3/Eigen/src/Core/Matrix.h:345:25:[m[K [01;36m[Knote: [m[K  candidate expects 3 arguments, 4 provided
[01m[K/usr/include/eigen3/Eigen/src/Core/Matrix.h:299:25:[m[K [01;36m[Knote: [m[Kcandidate: â€˜[01m[Ktemplate<class T0, class T1> Eigen::Matrix<_Scalar, _Rows, _Cols, _Options, _MaxRows, _MaxCols>::Matrix(const T0&, const T1&)[m[Kâ€™
  299 |     EIGEN_STRONG_INLINE [01;36m[KMatrix[m[K(const T0& x, const T1& y)
      |                         [01;36m[K^~~~~~[m[K
[01m[K/usr/include/eigen3/Eigen/src/Core/Matrix.h:299:25:[m[K [01;36m[Knote: [m[K  template argument deduction/substitution failed:
[01m[K/home/purduerm/ros2-ws/auto-aiming/src/prm_vision/pose_estimator/src/PoseEstimatorNode.cpp:175:5:[m[K [01;36m[Knote: [m[K  candidate expects 2 arguments, 4 provided
  175 |     [01;36m[K}[m[K;
      |     [01;36m[K^[m[K
In file included from [01m[K/usr/include/eigen3/Eigen/Core:458[m[K,
                 from [01m[K/home/purduerm/ros2-ws/auto-aiming/src/prm_vision/pose_estimator/include/PoseEstimator.h:8[m[K,
                 from [01m[K/home/purduerm/ros2-ws/auto-aiming/src/prm_vision/pose_estimator/include/PoseEstimatorNode.hpp:19[m[K,
                 from [01m[K/home/purduerm/ros2-ws/auto-aiming/src/prm_vision/pose_estimator/src/PoseEstimatorNode.cpp:1[m[K:
[01m[K/usr/include/eigen3/Eigen/src/Core/Matrix.h:291:34:[m[K [01;36m[Knote: [m[Kcandidate: â€˜[01m[Ktemplate<class T> Eigen::Matrix<_Scalar, _Rows, _Cols, _Options, _MaxRows, _MaxCols>::Matrix(const T&)[m[Kâ€™
  291 |     EIGEN_STRONG_INLINE explicit [01;36m[KMatrix[m[K(const T& x)
      |                                  [01;36m[K^~~~~~[m[K
[01m[K/usr/include/eigen3/Eigen/src/Core/Matrix.h:291:34:[m[K [01;36m[Knote: [m[K  template argument deduction/substitution failed:
[01m[K/home/purduerm/ros2-ws/auto-aiming/src/prm_vision/pose_estimator/src/PoseEstimatorNode.cpp:175:5:[m[K [01;36m[Knote: [m[K  candidate expects 1 argument, 4 provided
  175 |     [01;36m[K}[m[K;
      |     [01;36m[K^[m[K
In file included from [01m[K/usr/include/eigen3/Eigen/Core:458[m[K,
                 from [01m[K/home/purduerm/ros2-ws/auto-aiming/src/prm_vision/pose_estimator/include/PoseEstimator.h:8[m[K,
                 from [01m[K/home/purduerm/ros2-ws/auto-aiming/src/prm_vision/pose_estimator/include/PoseEstimatorNode.hpp:19[m[K,
                 from [01m[K/home/purduerm/ros2-ws/auto-aiming/src/prm_vision/pose_estimator/src/PoseEstimatorNode.cpp:1[m[K:
[01m[K/usr/include/eigen3/Eigen/src/Core/Matrix.h:273:5:[m[K [01;36m[Knote: [m[Kcandidate: â€˜[01m[KEigen::Matrix<_Scalar, _Rows, _Cols, _Options, _MaxRows, _MaxCols>::Matrix(Eigen::Matrix<_Scalar, _Rows, _Cols, _Options, _MaxRows, _MaxCols>&&) [with _Scalar = double; int _Rows = 4; int _Cols = 4; int _Options = 0; int _MaxRows = 4; int _MaxCols = 4][m[Kâ€™
  273 |     [01;36m[KMatrix[m[K(Matrix&& other) EIGEN_NOEXCEPT_IF(std::is_nothrow_move_constructible<Scalar>::value)
      |     [01;36m[K^~~~~~[m[K
[01m[K/usr/include/eigen3/Eigen/src/Core/Matrix.h:273:5:[m[K [01;36m[Knote: [m[K  candidate expects 1 argument, 4 provided
[01m[K/usr/include/eigen3/Eigen/src/Core/Matrix.h:267:14:[m[K [01;36m[Knote: [m[Kcandidate: â€˜[01m[KEigen::Matrix<_Scalar, _Rows, _Cols, _Options, _MaxRows, _MaxCols>::Matrix(Eigen::internal::constructor_without_unaligned_array_assert) [with _Scalar = double; int _Rows = 4; int _Cols = 4; int _Options = 0; int _MaxRows = 4; int _MaxCols = 4][m[Kâ€™
  267 |     explicit [01;36m[KMatrix[m[K(internal::constructor_without_unaligned_array_assert)
      |              [01;36m[K^~~~~~[m[K
[01m[K/usr/include/eigen3/Eigen/src/Core/Matrix.h:267:14:[m[K [01;36m[Knote: [m[K  candidate expects 1 argument, 4 provided
[01m[K/usr/include/eigen3/Eigen/src/Core/Matrix.h:259:25:[m[K [01;36m[Knote: [m[Kcandidate: â€˜[01m[KEigen::Matrix<_Scalar, _Rows, _Cols, _Options, _MaxRows, _MaxCols>::Matrix() [with _Scalar = double; int _Rows = 4; int _Cols = 4; int _Options = 0; int _MaxRows = 4; int _MaxCols = 4][m[Kâ€™
  259 |     EIGEN_STRONG_INLINE [01;36m[KMatrix[m[K() : Base()
      |                         [01;36m[K^~~~~~[m[K
[01m[K/usr/include/eigen3/Eigen/src/Core/Matrix.h:259:25:[m[K [01;36m[Knote: [m[K  candidate expects 0 arguments, 4 provided
[ 92%] [32m[1mLinking CXX executable test_PoseEstimator[0m
[ 92%] Built target test_PoseEstimator
make[2]: *** [CMakeFiles/PoseEstimatorNode.dir/build.make:63: CMakeFiles/PoseEstimatorNode.dir/src/PoseEstimatorNode.cpp.o] Error 1
make[1]: *** [CMakeFiles/Makefile2:189: CMakeFiles/PoseEstimatorNode.dir/all] Error 2
make: *** [Makefile:141: all] Error 2
